<?xml version="1.0" encoding="UTF-8"?>
<testsuite xmlns:xsi="http://www.w3.org/2001/XMLSchema-instance" xsi:noNamespaceSchemaLocation="https://maven.apache.org/surefire/maven-surefire-plugin/xsd/surefire-test-report.xsd" name="cn.edu.scu.cs.AppTest" time="0.029" tests="1" errors="0" skipped="0" failures="0">
  <properties>
    <property name="java.specification.version" value="23"/>
    <property name="sun.cpu.isalist" value="amd64"/>
    <property name="sun.jnu.encoding" value="UTF-8"/>
    <property name="java.class.path" value="c:\Code\Code_Practice\Java_Projects\pacman\target\test-classes;c:\Code\Code_Practice\Java_Projects\pacman\target\classes;C:\Users\31866\.m2\repository\junit\junit\4.11\junit-4.11.jar;C:\Users\31866\.m2\repository\org\hamcrest\hamcrest-core\1.3\hamcrest-core-1.3.jar;"/>
    <property name="java.vm.vendor" value="Oracle Corporation"/>
    <property name="sun.arch.data.model" value="64"/>
    <property name="user.variant" value=""/>
    <property name="java.vendor.url" value="https://java.oracle.com/"/>
    <property name="user.timezone" value="Asia/Shanghai"/>
    <property name="os.name" value="Windows 11"/>
    <property name="java.vm.specification.version" value="23"/>
    <property name="sun.java.launcher" value="SUN_STANDARD"/>
    <property name="user.country" value="CN"/>
    <property name="sun.boot.library.path" value="C:\Program Files\Java\jdk-23\bin"/>
    <property name="sun.java.command" value="C:\windows\TEMP\surefire2825310986176118304\surefirebooter9595108361282253200.jar C:\Windows\Temp\surefire2825310986176118304 2024-11-30T00-27-33_132-jvmRun1 surefire10465797095905800188tmp surefire_08840845158638925145tmp"/>
    <property name="jdk.debug" value="release"/>
    <property name="surefire.test.class.path" value="c:\Code\Code_Practice\Java_Projects\pacman\target\test-classes;c:\Code\Code_Practice\Java_Projects\pacman\target\classes;C:\Users\31866\.m2\repository\junit\junit\4.11\junit-4.11.jar;C:\Users\31866\.m2\repository\org\hamcrest\hamcrest-core\1.3\hamcrest-core-1.3.jar;"/>
    <property name="sun.cpu.endian" value="little"/>
    <property name="user.home" value="C:\Users\31866"/>
    <property name="user.language" value="zh"/>
    <property name="java.specification.vendor" value="Oracle Corporation"/>
    <property name="java.version.date" value="2024-10-15"/>
    <property name="java.home" value="C:\Program Files\Java\jdk-23"/>
    <property name="file.separator" value="\"/>
    <property name="basedir" value="c:\Code\Code_Practice\Java_Projects\pacman"/>
    <property name="java.vm.compressedOopsMode" value="Zero based"/>
    <property name="line.separator" value="&#10;"/>
    <property name="java.vm.specification.vendor" value="Oracle Corporation"/>
    <property name="java.specification.name" value="Java Platform API Specification"/>
    <property name="surefire.real.class.path" value="C:\windows\TEMP\surefire2825310986176118304\surefirebooter9595108361282253200.jar"/>
    <property name="user.script" value=""/>
    <property name="sun.management.compiler" value="HotSpot 64-Bit Tiered Compilers"/>
    <property name="java.runtime.version" value="23.0.1+11-39"/>
    <property name="user.name" value="31866"/>
    <property name="stdout.encoding" value="UTF-8"/>
    <property name="path.separator" value=";"/>
    <property name="os.version" value="10.0"/>
    <property name="java.runtime.name" value="Java(TM) SE Runtime Environment"/>
    <property name="file.encoding" value="UTF-8"/>
    <property name="java.vm.name" value="Java HotSpot(TM) 64-Bit Server VM"/>
    <property name="localRepository" value="C:\Users\31866\.m2\repository"/>
    <property name="java.vendor.url.bug" value="https://bugreport.java.com/bugreport/"/>
    <property name="java.io.tmpdir" value="C:\windows\TEMP\"/>
    <property name="java.version" value="23.0.1"/>
    <property name="user.dir" value="c:\Code\Code_Practice\Java_Projects\pacman"/>
    <property name="os.arch" value="amd64"/>
    <property name="java.vm.specification.name" value="Java Virtual Machine Specification"/>
    <property name="sun.os.patch.level" value=""/>
    <property name="native.encoding" value="UTF-8"/>
    <property name="java.library.path" value="C:\Program Files\Java\jdk-23\bin;C:\windows\Sun\Java\bin;C:\windows\system32;C:\windows;C:\Users\31866\miniconda3;C:\Users\31866\miniconda3\Library\mingw-w64\bin;C:\Users\31866\miniconda3\Library\usr\bin;C:\Users\31866\miniconda3\Library\bin;C:\Users\31866\miniconda3\Scripts;C:\Users\31866\miniconda3\bin;C:\Users\31866\miniconda3\condabin;C:\Users\31866\AppData\Local\Programs\Python\Python312\Scripts;C:\Users\31866\AppData\Local\Programs\Python\Python312;C:\Program Files\Common Files\Oracle\Java\javapath;c:\Users\31866\AppData\Local\Programs\cursor\resources\app\bin;C:\Program Files\copt71\bin;C:\texlive\2023\bin\windows;C:\Program Files (x86)\VMware\VMware Workstation\bin;C:\windows\system32;C:\windows;C:\windows\System32\Wbem;C:\windows\System32\WindowsPowerShell\v1.0;C:\windows\System32\OpenSSH;C:\Program Files\Microsoft SQL Server\150\Tools\Binn;C:\Program Files\TortoiseGit\bin;C:\Program Files\Pandoc;C:\Program Files (x86)\Windows Kits\10\Windows Performance Toolkit;C:\DOSBox\DOSBox.exe;C:\Program Files\CMake\bin;C:\Program Files\SCIPOptSuite 9.0.0\include;C:\Program Files\SCIPOptSuite 9.0.0\lib;C:\Program Files\glpk-4.65\w64;C:\Program Files\MATLAB\R2023b\runtime\win64;C:\Program Files\MATLAB\R2023b\bin;C:\Program Files\Git\cmd;C:\Program Files\Git LFS;C:\Users\31866\miniconda3;C:\Users\31866\miniconda3\Library\mingw-w64\bin;C:\Program Files\nodejs;C:\ProgramData\chocolatey\bin;C:\vcpkg;C:\Program Files\xmake;C:\msys64\mingw64\bin;C:\msys64\mingw32\bin;C:\Program Files\apache-maven-3.9.9\bin;C:\msys64\mingw64\bin;C:\msys64\mingw32\bin;C:\Users\31866\.cargo\bin;C:\Users\31866\AppData\Local\Programs\Microsoft VS Code\bin;C:\Users\31866\miniconda3;C:\Users\31866\miniconda3\Library\mingw-w64\bin;C:\Users\31866\AppData\Local\Programs\Python\Python312\Scripts;C:\Users\31866\miniconda3\Scripts;C:\Users\31866\AppData\Roaming\npm;C:\vcpkg;C:\Program Files\apache-maven-3.9.9\bin;.;."/>
    <property name="java.vm.info" value="mixed mode, sharing"/>
    <property name="stderr.encoding" value="UTF-8"/>
    <property name="java.vendor" value="Oracle Corporation"/>
    <property name="java.vm.version" value="23.0.1+11-39"/>
    <property name="sun.io.unicode.encoding" value="UnicodeLittle"/>
    <property name="java.class.version" value="67.0"/>
  </properties>
  <testcase name="shouldAnswerWithTrue" classname="cn.edu.scu.cs.AppTest" time="0.002"/>
</testsuite>